GET - /api/posts - Sun, 18 Jun 2023 05:09:30 GMT - 3.318 ms
GET - /api/posts - Sun, 18 Jun 2023 05:09:31 GMT - 0.470 ms
GET - /admin - Sun, 18 Jun 2023 05:09:43 GMT - 4.065 ms
GET - /admin/login - Sun, 18 Jun 2023 05:09:43 GMT - 425.387 ms
GET - /admin - Sun, 18 Jun 2023 05:10:29 GMT - 1.692 ms
GET - /admin - Sun, 18 Jun 2023 05:10:31 GMT - 1.027 ms
GET - /admin - Sun, 18 Jun 2023 05:10:32 GMT - 0.799 ms
GET - /admin - Sun, 18 Jun 2023 05:11:17 GMT - 6.443 ms
GET - /admin/login - Sun, 18 Jun 2023 05:11:18 GMT - 641.084 ms
GET - /api/posts - Sun, 18 Jun 2023 05:11:21 GMT - 1.078 ms
GET - /admin/signup - Sun, 18 Jun 2023 05:13:25 GMT - 20.325 ms
POST - /admin/signup - Sun, 18 Jun 2023 05:14:16 GMT - 0.785 ms
GET - /admin/login - Sun, 18 Jun 2023 05:14:16 GMT - 7.850 ms
GET - /admin/signup - Sun, 18 Jun 2023 05:14:20 GMT - 12.135 ms
GET - /admin/signup - Sun, 18 Jun 2023 05:26:34 GMT - 415.834 ms
GET - /admin/signup - Sun, 18 Jun 2023 05:26:34 GMT - 14.183 ms
POST - /admin/signup - Sun, 18 Jun 2023 05:26:51 GMT - 0.876 ms
GET - /admin/signup - Sun, 18 Jun 2023 05:26:51 GMT - 7.149 ms
POST - /admin/signup - Sun, 18 Jun 2023 05:27:31 GMT - 1.911 ms
GET - /admin/signup - Sun, 18 Jun 2023 05:27:31 GMT - 19.877 ms
GET - /admin/signup - Sun, 18 Jun 2023 05:28:18 GMT - 403.137 ms
POST - /admin/signup - Sun, 18 Jun 2023 05:28:28 GMT - 332.803 ms
GET - /admin/login - Sun, 18 Jun 2023 05:28:28 GMT - 18.007 ms
GET - /admin/login - Sun, 18 Jun 2023 05:52:37 GMT - 492.145 ms
POST - /admin/login - Sun, 18 Jun 2023 05:52:47 GMT - 275.048 ms
GET - /admin/login - Sun, 18 Jun 2023 05:52:47 GMT - 15.534 ms
POST - /admin/login - Sun, 18 Jun 2023 05:52:57 GMT - 375.150 ms
GET - /admin/login - Sun, 18 Jun 2023 05:52:57 GMT - 6.181 ms
POST - /admin/login - Sun, 18 Jun 2023 05:53:02 GMT - 333.133 ms
GET - /admin/dashboard - Sun, 18 Jun 2023 05:53:02 GMT - 25.374 ms
GET - /admin/dashboard - Sun, 18 Jun 2023 06:16:46 GMT - 11.401 ms
GET - /admin/login - Sun, 18 Jun 2023 06:16:47 GMT - 439.332 ms
POST - /admin/login - Sun, 18 Jun 2023 06:16:52 GMT - 373.166 ms
GET - /admin/dashboard - Sun, 18 Jun 2023 06:16:52 GMT - 19.250 ms
GET - /api/posts - Sun, 18 Jun 2023 06:18:21 GMT - 2.089 ms
POST - /api/login - Sun, 18 Jun 2023 06:36:15 GMT - 382.253 ms
GET - /api/posts - Sun, 18 Jun 2023 06:36:15 GMT - 0.602 ms
GET - /signin - Sun, 18 Jun 2023 06:44:49 GMT - 4.441 ms
POST - /api/login - Sun, 18 Jun 2023 06:44:58 GMT - 356.023 ms
GET - /api/posts - Sun, 18 Jun 2023 06:44:58 GMT - 0.539 ms
GET - /add - Sun, 18 Jun 2023 06:45:00 GMT - 2.996 ms
POST - /api/verify - Sun, 18 Jun 2023 06:45:00 GMT - 2.020 ms
GET - /signin - Sun, 18 Jun 2023 06:45:01 GMT - 0.728 ms
GET - /signin - Sun, 18 Jun 2023 06:45:02 GMT - 0.736 ms
POST - /api/login - Sun, 18 Jun 2023 06:45:29 GMT - 391.434 ms
GET - /api/posts - Sun, 18 Jun 2023 06:45:29 GMT - 0.526 ms
GET - /add - Sun, 18 Jun 2023 06:46:42 GMT - 5.394 ms
POST - /api/verify - Sun, 18 Jun 2023 06:46:42 GMT - 1.507 ms
POST - /api/login - Sun, 18 Jun 2023 06:46:52 GMT - 370.419 ms
GET - /api/posts - Sun, 18 Jun 2023 06:46:52 GMT - 0.736 ms
GET - /add - Sun, 18 Jun 2023 06:48:21 GMT - 4.086 ms
POST - /api/verify - Sun, 18 Jun 2023 06:48:21 GMT - 1.051 ms
POST - /api/login - Sun, 18 Jun 2023 06:48:28 GMT - 375.828 ms
GET - /api/posts - Sun, 18 Jun 2023 06:48:28 GMT - 0.782 ms
GET - /add - Sun, 18 Jun 2023 06:48:29 GMT - 1.156 ms
POST - /api/verify - Sun, 18 Jun 2023 06:48:30 GMT - 265.988 ms
GET - /api/posts - Sun, 18 Jun 2023 06:48:30 GMT - 0.563 ms
GET - /api/posts - Sun, 18 Jun 2023 06:48:32 GMT - 0.299 ms
POST - /api/verify - Sun, 18 Jun 2023 06:48:32 GMT - 259.083 ms
GET - /api/posts - Sun, 18 Jun 2023 06:48:33 GMT - 0.730 ms
POST - /api/verify - Sun, 18 Jun 2023 06:48:34 GMT - 274.435 ms
GET - /api/posts - Sun, 18 Jun 2023 06:48:35 GMT - 0.627 ms
POST - /api/verify - Sun, 18 Jun 2023 06:48:35 GMT - 262.604 ms
GET - /api/posts - Sun, 18 Jun 2023 06:48:38 GMT - 0.384 ms
POST - /api/verify - Sun, 18 Jun 2023 06:48:38 GMT - 256.127 ms
GET - /api/posts - Sun, 18 Jun 2023 06:48:39 GMT - 0.582 ms
POST - /api/verify - Sun, 18 Jun 2023 06:48:39 GMT - 256.437 ms
GET - /api/posts - Sun, 18 Jun 2023 06:48:54 GMT - 0.441 ms
POST - /api/verify - Sun, 18 Jun 2023 06:48:54 GMT - 298.197 ms
POST - /api/verify - Sun, 18 Jun 2023 07:13:53 GMT - 263.401 ms
GET - /api/posts - Sun, 18 Jun 2023 07:13:53 GMT - 262.767 ms
POST - /api/verify - Sun, 18 Jun 2023 07:19:17 GMT - 249.804 ms
GET - /api/posts - Sun, 18 Jun 2023 07:19:17 GMT - 248.190 ms
POST - /api/post - Sun, 18 Jun 2023 07:19:36 GMT - 598.912 ms
GET - /api/posts - Sun, 18 Jun 2023 07:19:36 GMT - 532.562 ms
POST - /api/verify - Sun, 18 Jun 2023 07:20:21 GMT - 264.277 ms
GET - /api/posts - Sun, 18 Jun 2023 07:20:21 GMT - 525.323 ms
POST - /api/post - Sun, 18 Jun 2023 07:20:42 GMT - 511.642 ms
GET - /api/posts - Sun, 18 Jun 2023 07:20:43 GMT - 506.156 ms
GET - /api/post/648eb00799361a16d24890fc - Sun, 18 Jun 2023 07:20:56 GMT - 533.587 ms
GET - /api/posts - Sun, 18 Jun 2023 07:21:20 GMT - 506.587 ms
GET - /api/post/648eb04a99361a16d2489104 - Sun, 18 Jun 2023 07:21:21 GMT - 502.892 ms
GET - /api/posts - Sun, 18 Jun 2023 07:21:36 GMT - 515.854 ms
DELETE - /api/post/648eb04a99361a16d2489104 - Sun, 18 Jun 2023 07:21:41 GMT - 495.929 ms
GET - /api/posts - Sun, 18 Jun 2023 07:21:42 GMT - 505.128 ms
POST - /api/verify - Sun, 18 Jun 2023 07:21:54 GMT - 262.465 ms
GET - /api/posts - Sun, 18 Jun 2023 07:21:55 GMT - 515.850 ms
DELETE - /api/post/648eb04a99361a16d2489104 - Sun, 18 Jun 2023 07:22:58 GMT - 492.607 ms
GET - /api/posts - Sun, 18 Jun 2023 07:22:58 GMT - 502.090 ms
POST - /api/verify - Sun, 18 Jun 2023 07:24:05 GMT - 262.661 ms
GET - /api/posts - Sun, 18 Jun 2023 07:24:05 GMT - 527.668 ms
DELETE - /api/post/648eb00799361a16d24890fc - Sun, 18 Jun 2023 07:24:08 GMT - 573.428 ms
GET - /api/posts - Sun, 18 Jun 2023 07:24:09 GMT - 581.544 ms
GET - /api/post/648eb04a99361a16d2489104 - Sun, 18 Jun 2023 07:24:30 GMT - 561.099 ms
GET - /api/posts - Sun, 18 Jun 2023 07:24:36 GMT - 607.088 ms
GET - /api/posts - Sun, 18 Jun 2023 07:25:00 GMT - 553.397 ms
GET - /api/posts - Sun, 18 Jun 2023 07:25:03 GMT - 539.121 ms
POST - /api/login - Sun, 18 Jun 2023 07:25:15 GMT - 364.531 ms
GET - /api/posts - Sun, 18 Jun 2023 07:25:16 GMT - 613.359 ms
DELETE - /api/post/648eb04a99361a16d2489104 - Sun, 18 Jun 2023 07:25:23 GMT - 627.564 ms
GET - /api/posts - Sun, 18 Jun 2023 07:25:23 GMT - 512.091 ms
